build/outputs/logs/manifest-merger-debug-report.txt
-- Merging decision tree log ---
manifest
ADDED from MikaEnterprise/Dialog_lib/AndroidManifest.xml:1:1-8:12
INJECTED from MikaEnterprise/Dialog_lib/AndroidManifest.xml:1:1-8:12
INJECTED from MikaEnterprise/Dialog_lib/AndroidManifest.xml:1:1-8:12
	package
		ADDED from MikaEnterprise/Dialog_lib/AndroidManifest.xml:2:9-43
		INJECTED from MikaEnterprise/Dialog_lib/AndroidManifest.xml
		INJECTED from MikaEnterprise/Dialog_lib/AndroidManifest.xml
	xmlns:android
		ADDED from MikaEnterprise/Dialog_lib/AndroidManifest.xml:3:9-67
application
ADDED from MikaEnterprise/Dialog_lib/AndroidManifest.xml:5:5-6:19
	android:allowBackup
		ADDED from MikaEnterprise/Dialog_lib/AndroidManifest.xml:5:18-44